2026-01-21T20:10:01.102Z INFO  api[boot] version=1.8.3 commit=9f12a7f env=prod
2026-01-21T20:10:01.221Z INFO  api[boot] config loaded region=sa-east-1
2026-01-21T20:10:01.411Z INFO  api[boot] http listening addr=0.0.0.0:8080
2026-01-21T20:10:02.004Z INFO  api[db] connecting host=db.prod.internal port=5432 user=app db=checkout
2026-01-21T20:10:02.132Z WARN  api[db] connection attempt failed: dial tcp 10.10.2.12:5432: i/o timeout retry=1/3
2026-01-21T20:10:03.192Z WARN  api[db] connection attempt failed: dial tcp 10.10.2.12:5432: i/o timeout retry=2/3
2026-01-21T20:10:04.384Z INFO  api[db] connection established latency_ms=1988
2026-01-21T20:10:05.012Z INFO  api[http] req_id=9b2f method=GET path=/health status=200 duration_ms=3
2026-01-21T20:10:08.771Z INFO  api[http] req_id=3a91 method=POST path=/checkout status=200 duration_ms=214
2026-01-21T20:10:12.456Z WARN  api[payment] provider latency high provider=stripe duration_ms=1240
2026-01-21T20:10:17.015Z INFO  api[http] req_id=af10 method=POST path=/checkout status=200 duration_ms=187
2026-01-21T20:11:02.903Z INFO  api[deploy] rolling update started
2026-01-21T20:11:05.411Z INFO  api[boot] version=1.8.4 commit=b31dd4c env=prod
2026-01-21T20:11:05.662Z INFO  api[boot] config loaded region=sa-east-1
2026-01-21T20:11:05.812Z INFO  api[boot] http listening addr=0.0.0.0:8080
2026-01-21T20:11:06.003Z INFO  api[db] connecting host=db.prod.internal port=5432 user=app db=checkout
2026-01-21T20:11:06.219Z INFO  api[db] connection established latency_ms=112
2026-01-21T20:11:07.011Z INFO  api[http] req_id=2c3b method=GET path=/health status=200 duration_ms=2
2026-01-21T20:12:10.440Z INFO  api[http] req_id=5c6e method=POST path=/checkout status=200 duration_ms=203
2026-01-21T20:12:14.955Z WARN  api[db] slow query query="SELECT * FROM orders WHERE id=$1" duration_ms=812
2026-01-21T20:12:18.223Z INFO  api[http] req_id=7d11 method=POST path=/checkout status=200 duration_ms=241
2026-01-21T20:12:50.009Z WARN  api[auth] token issuer mismatch issuer=staging expected=prod
2026-01-21T20:13:03.871Z INFO  api[http] req_id=1a02 method=POST path=/checkout status=200 duration_ms=210
2026-01-21T20:13:19.144Z WARN  api[payment] retryable provider error provider=stripe code=ETIMEDOUT retry=1/2
2026-01-21T20:13:21.200Z INFO  api[payment] retry succeeded provider=stripe
2026-01-21T20:13:40.612Z INFO  api[http] req_id=aa81 method=POST path=/checkout status=200 duration_ms=198
2026-01-21T20:14:02.990Z WARN  api[db] connection reset by peer retry=1/3
2026-01-21T20:14:04.111Z INFO  api[db] reconnected latency_ms=488
2026-01-21T20:14:40.040Z INFO  api[http] req_id=0c21 method=POST path=/checkout status=200 duration_ms=226
2026-01-21T20:15:10.331Z WARN  api[deploy] secret rotation detected secret=DB_PASSWORD
2026-01-21T20:15:11.900Z INFO  api[http] req_id=b3b1 method=POST path=/checkout status=200 duration_ms=205
2026-01-21T20:15:38.225Z INFO  api[http] req_id=9a77 method=POST path=/checkout status=200 duration_ms=213
2026-01-21T20:16:02.781Z WARN  api[db] auth failed on connection init (will retry) retry=1/2
2026-01-21T20:16:03.029Z ERROR api[db] connection failed: password authentication failed for user "app" host=db.prod.internal
2026-01-21T20:16:03.034Z INFO  api[db] retrying connection backoff_ms=500
2026-01-21T20:16:03.644Z ERROR api[db] connection failed: password authentication failed for user "app" host=db.prod.internal
2026-01-21T20:16:03.651Z ERROR api[checkout] checkout failed: db unavailable cause="auth failed"
2026-01-21T20:16:03.660Z INFO  api[http] req_id=fe01 method=POST path=/checkout status=500 duration_ms=69
2026-01-21T20:16:09.200Z WARN  api[http] req_id=1f00 method=POST path=/checkout status=500 duration_ms=61 msg="dependency failure"
2026-01-21T20:16:12.111Z INFO  api[deploy] rolling update finished
